<?xml version="1.0" encoding="UTF-8"?>
<!-- Generated by org.testng.reporters.JUnitReportReporter -->
<testsuite hostname="LAPTOP-UHO5ITMS" name="com.zywee.test.TestDiagnosticsPage" tests="5" failures="0" timestamp="5 Aug 2016 04:57:43 GMT" time="165.082" errors="0">
  <testcase name="testDiagnosticsAppointmentPage" time="23.314" classname="com.zywee.test.TestDiagnosticsPage"/>
  <testcase name="testLeftNavCategories" time="31.448" classname="com.zywee.test.TestDiagnosticsPage"/>
  <testcase name="testDiagnosticsDetailPage" time="68.748" classname="com.zywee.test.TestDiagnosticsPage"/>
  <testcase name="testExpandCollapseLeftNav" time="17.686" classname="com.zywee.test.TestDiagnosticsPage"/>
  <testcase name="testSortDropdown" time="23.886" classname="com.zywee.test.TestDiagnosticsPage"/>
</testsuite> <!-- com.zywee.test.TestDiagnosticsPage -->
