<?xml version="1.0" encoding="UTF-8"?>
<!-- Generated by org.testng.reporters.JUnitReportReporter -->
<testsuite hostname="LAPTOP-UHO5ITMS" name="com.zywee.test.TestHospitalsPage" tests="5" failures="0" timestamp="5 Aug 2016 04:57:43 GMT" time="156.741" errors="0">
  <testcase name="testLeftNavCategories" time="49.481" classname="com.zywee.test.TestHospitalsPage"/>
  <testcase name="testSortDropdown" time="21.890" classname="com.zywee.test.TestHospitalsPage"/>
  <testcase name="testHospitalsAppointmentPage" time="20.303" classname="com.zywee.test.TestHospitalsPage"/>
  <testcase name="testExpandCollapseLeftNav" time="25.211" classname="com.zywee.test.TestHospitalsPage"/>
  <testcase name="testHospitalsDetailPage" time="39.856" classname="com.zywee.test.TestHospitalsPage"/>
</testsuite> <!-- com.zywee.test.TestHospitalsPage -->
