<?xml version="1.0" encoding="UTF-8"?>
<!-- Generated by org.testng.reporters.JUnitReportReporter -->
<testsuite hostname="LAPTOP-UHO5ITMS" name="com.zywee.test.TestClinicsPage" tests="5" failures="0" timestamp="5 Aug 2016 04:57:43 GMT" time="126.448" errors="0">
  <testcase name="testClinicsAppointmentPage" time="21.288" classname="com.zywee.test.TestClinicsPage"/>
  <testcase name="testExpandCollapseLeftNav" time="17.109" classname="com.zywee.test.TestClinicsPage"/>
  <testcase name="testSortDropdown" time="21.954" classname="com.zywee.test.TestClinicsPage"/>
  <testcase name="testClinicsDetailPage" time="39.340" classname="com.zywee.test.TestClinicsPage"/>
  <testcase name="testLeftNavCategories" time="26.757" classname="com.zywee.test.TestClinicsPage"/>
</testsuite> <!-- com.zywee.test.TestClinicsPage -->
